<?xml version="1.0" encoding="UTF-8"?>
<testng-results skipped="0" failed="1" total="1" passed="0">
  <reporter-output>
  </reporter-output>
  <suite name="Suite" duration-ms="564" started-at="2018-07-27T13:04:52Z" finished-at="2018-07-27T13:04:53Z">
    <groups>
    </groups>
    <test name="Test" duration-ms="564" started-at="2018-07-27T13:04:52Z" finished-at="2018-07-27T13:04:53Z">
      <class name="com.dattu.Project.Automations.OpenMrsProject">
        <test-method status="PASS" signature="launchBrowser(java.lang.String)[pri:0, instance:com.dattu.Project.Automations.OpenMrsProject@589838eb]" name="launchBrowser" is-config="true" duration-ms="6952" started-at="2018-07-27T18:34:45Z" finished-at="2018-07-27T18:34:52Z">
          <params>
            <param index="0">
              <value>
                <![CDATA[firefox]]>
              </value>
            </param>
          </params>
          <reporter-output>
          </reporter-output>
        </test-method> <!-- launchBrowser -->
        <test-method status="PASS" signature="beforeMethod(java.lang.reflect.Method)[pri:0, instance:com.dattu.Project.Automations.OpenMrsProject@589838eb]" name="beforeMethod" is-config="true" duration-ms="3" started-at="2018-07-27T18:34:52Z" finished-at="2018-07-27T18:34:52Z">
          <params>
            <param index="0">
              <value>
                <![CDATA[public void com.dattu.Project.Automations.OpenMrsProject.openMrsLoginTest() throws java.io.IOException,org.apache.poi.openxml4j.exceptions.InvalidFormatException,java.lang.InterruptedException]]>
              </value>
            </param>
          </params>
          <reporter-output>
          </reporter-output>
        </test-method> <!-- beforeMethod -->
        <test-method status="FAIL" signature="openMrsLoginTest()[pri:0, instance:com.dattu.Project.Automations.OpenMrsProject@589838eb]" name="openMrsLoginTest" duration-ms="11" started-at="2018-07-27T18:34:52Z" finished-at="2018-07-27T18:34:52Z">
          <exception class="java.io.FileNotFoundException">
            <message>
              <![CDATA[C:\Users\dattu\git\repository2\mahesh\Automations\src\main\java\com\dattu\Project\Automations\obejectRepository\config.properties (The system cannot find the path specified)]]>
            </message>
            <full-stacktrace>
              <![CDATA[java.io.FileNotFoundException: C:\Users\dattu\git\repository2\mahesh\Automations\src\main\java\com\dattu\Project\Automations\obejectRepository\config.properties (The system cannot find the path specified)
	at java.io.FileInputStream.open0(Native Method)
	at java.io.FileInputStream.open(Unknown Source)
	at java.io.FileInputStream.<init>(Unknown Source)
	at java.io.FileInputStream.<init>(Unknown Source)
	at com.dattu.Project.Automations.propertiesUtility.<init>(propertiesUtility.java:13)
	at com.dattu.Project.Automations.Pojo.getconfigFile(Pojo.java:18)
	at com.dattu.Project.Automations.OpenMrsProject.openMrsLoginTest(OpenMrsProject.java:13)
	at sun.reflect.NativeMethodAccessorImpl.invoke0(Native Method)
	at sun.reflect.NativeMethodAccessorImpl.invoke(Unknown Source)
	at sun.reflect.DelegatingMethodAccessorImpl.invoke(Unknown Source)
	at java.lang.reflect.Method.invoke(Unknown Source)
	at org.testng.internal.MethodInvocationHelper.invokeMethod(MethodInvocationHelper.java:80)
	at org.testng.internal.Invoker.invokeMethod(Invoker.java:714)
	at org.testng.internal.Invoker.invokeTestMethod(Invoker.java:901)
	at org.testng.internal.Invoker.invokeTestMethods(Invoker.java:1231)
	at org.testng.internal.TestMethodWorker.invokeTestMethods(TestMethodWorker.java:127)
	at org.testng.internal.TestMethodWorker.run(TestMethodWorker.java:111)
	at org.testng.TestRunner.privateRun(TestRunner.java:767)
	at org.testng.TestRunner.run(TestRunner.java:617)
	at org.testng.SuiteRunner.runTest(SuiteRunner.java:334)
	at org.testng.SuiteRunner.runSequentially(SuiteRunner.java:329)
	at org.testng.SuiteRunner.privateRun(SuiteRunner.java:291)
	at org.testng.SuiteRunner.run(SuiteRunner.java:240)
	at org.testng.SuiteRunnerWorker.runSuite(SuiteRunnerWorker.java:52)
	at org.testng.SuiteRunnerWorker.run(SuiteRunnerWorker.java:86)
	at org.testng.TestNG.runSuitesSequentially(TestNG.java:1198)
	at org.testng.TestNG.runSuitesLocally(TestNG.java:1123)
	at org.testng.TestNG.run(TestNG.java:1031)
	at org.testng.remote.AbstractRemoteTestNG.run(AbstractRemoteTestNG.java:114)
	at org.testng.remote.RemoteTestNG.initAndRun(RemoteTestNG.java:251)
	at org.testng.remote.RemoteTestNG.main(RemoteTestNG.java:77)
]]>
            </full-stacktrace>
          </exception> <!-- java.io.FileNotFoundException -->
          <reporter-output>
          </reporter-output>
        </test-method> <!-- openMrsLoginTest -->
        <test-method status="PASS" signature="aftermethod(org.testng.ITestResult)[pri:0, instance:com.dattu.Project.Automations.OpenMrsProject@589838eb]" name="aftermethod" is-config="true" duration-ms="534" started-at="2018-07-27T18:34:52Z" finished-at="2018-07-27T18:34:53Z">
          <params>
            <param index="0">
              <value>
                <![CDATA[[TestResult name=openMrsLoginTest status=FAILURE method=OpenMrsProject.openMrsLoginTest()[pri:0, instance:com.dattu.Project.Automations.OpenMrsProject@589838eb] output={null}]]]>
              </value>
            </param>
          </params>
          <reporter-output>
          </reporter-output>
        </test-method> <!-- aftermethod -->
      </class> <!-- com.dattu.Project.Automations.OpenMrsProject -->
    </test> <!-- Test -->
  </suite> <!-- Suite -->
</testng-results>
